root - ERROR - 2023-02-17 18:32:07.348253 On https://www.rome2rio.com/map/Tehran-Iran/Naypyidaw-Myanmar exception occurred
Traceback (most recent call last):
  File "/home/andrii/code/projects/CheapTripScraping/src/scraping.py", line 48, in scrap_routine
    parsed = json.loads(dis["content"])[2][1]
TypeError: 'NoneType' object is not subscriptable
root - ERROR - 2023-02-17 18:32:07.824734 On https://www.rome2rio.com/map/Tehran-Iran/Phnom Penh-Cambodia exception occurred
Traceback (most recent call last):
  File "/home/andrii/code/projects/CheapTripScraping/src/scraping.py", line 48, in scrap_routine
    parsed = json.loads(dis["content"])[2][1]
TypeError: 'NoneType' object is not subscriptable
root - ERROR - 2023-02-17 18:32:08.056901 On https://www.rome2rio.com/map/Tehran-Iran/Dushanbe-Tajikistan exception occurred
Traceback (most recent call last):
  File "/home/andrii/code/projects/CheapTripScraping/src/scraping.py", line 48, in scrap_routine
    parsed = json.loads(dis["content"])[2][1]
TypeError: 'NoneType' object is not subscriptable
root - ERROR - 2023-02-17 18:32:08.431184 On https://www.rome2rio.com/map/Tehran-Iran/Phnom Penh-Cambodia-abd exception occurred
Traceback (most recent call last):
  File "/home/andrii/code/projects/CheapTripScraping/src/scraping.py", line 48, in scrap_routine
    parsed = json.loads(dis["content"])[2][1]
TypeError: 'NoneType' object is not subscriptable

During handling of the above exception, another exception occurred:

Traceback (most recent call last):
  File "/home/andrii/code/projects/CheapTripScraping/src/scraping.py", line 48, in scrap_routine
    parsed = json.loads(dis["content"])[2][1]
TypeError: 'NoneType' object is not subscriptable
root - ERROR - 2023-02-17 18:32:08.455480 On https://www.rome2rio.com/map/Tehran-Iran/Bishkek-Kyrgyzstan exception occurred
Traceback (most recent call last):
  File "/home/andrii/code/projects/CheapTripScraping/src/scraping.py", line 48, in scrap_routine
    parsed = json.loads(dis["content"])[2][1]
TypeError: 'NoneType' object is not subscriptable
root - ERROR - 2023-02-17 18:32:08.534855 On https://www.rome2rio.com/map/Tehran-Iran/Dushanbe-Tajikistan-abe exception occurred
Traceback (most recent call last):
  File "/home/andrii/code/projects/CheapTripScraping/src/scraping.py", line 48, in scrap_routine
    parsed = json.loads(dis["content"])[2][1]
TypeError: 'NoneType' object is not subscriptable

During handling of the above exception, another exception occurred:

Traceback (most recent call last):
  File "/home/andrii/code/projects/CheapTripScraping/src/scraping.py", line 48, in scrap_routine
    parsed = json.loads(dis["content"])[2][1]
TypeError: 'NoneType' object is not subscriptable
root - ERROR - 2023-02-17 18:32:09.598444 On https://www.rome2rio.com/map/Tashkent-Uzbekistan/Sanaa-Yemen exception occurred
Traceback (most recent call last):
  File "/home/andrii/code/projects/CheapTripScraping/src/scraping.py", line 48, in scrap_routine
    parsed = json.loads(dis["content"])[2][1]
TypeError: 'NoneType' object is not subscriptable
root - ERROR - 2023-02-17 18:32:11.102946 On https://www.rome2rio.com/map/Tashkent-Uzbekistan/Paris-France exception occurred
Traceback (most recent call last):
  File "/home/andrii/code/projects/CheapTripScraping/src/scraping.py", line 48, in scrap_routine
    parsed = json.loads(dis["content"])[2][1]
TypeError: 'NoneType' object is not subscriptable
root - ERROR - 2023-02-17 18:32:11.264450 On https://www.rome2rio.com/map/Sanaa-Yemen/Naypyidaw-Myanmar exception occurred
Traceback (most recent call last):
  File "/home/andrii/code/projects/CheapTripScraping/src/scraping.py", line 48, in scrap_routine
    parsed = json.loads(dis["content"])[2][1]
TypeError: 'NoneType' object is not subscriptable
root - ERROR - 2023-02-17 18:32:11.585379 On https://www.rome2rio.com/map/Sanaa-Yemen/Kathmandu-Nepal exception occurred
Traceback (most recent call last):
  File "/home/andrii/code/projects/CheapTripScraping/src/scraping.py", line 48, in scrap_routine
    parsed = json.loads(dis["content"])[2][1]
TypeError: 'NoneType' object is not subscriptable
root - ERROR - 2023-02-17 18:32:11.757118 On https://www.rome2rio.com/map/Sanaa-Yemen/Kuwait City-Kuwait exception occurred
Traceback (most recent call last):
  File "/home/andrii/code/projects/CheapTripScraping/src/scraping.py", line 48, in scrap_routine
    parsed = json.loads(dis["content"])[2][1]
TypeError: 'NoneType' object is not subscriptable
root - ERROR - 2023-02-17 18:32:13.179374 On https://www.rome2rio.com/map/Sanaa-Yemen/London-United Kingdom exception occurred
Traceback (most recent call last):
  File "/home/andrii/code/projects/CheapTripScraping/src/scraping.py", line 48, in scrap_routine
    parsed = json.loads(dis["content"])[2][1]
TypeError: 'NoneType' object is not subscriptable
root - ERROR - 2023-02-17 18:32:13.760579 On https://www.rome2rio.com/map/Phnom Penh-Cambodia/Kuwait City-Kuwait exception occurred
Traceback (most recent call last):
  File "/home/andrii/code/projects/CheapTripScraping/src/scraping.py", line 48, in scrap_routine
    parsed = json.loads(dis["content"])[2][1]
TypeError: 'NoneType' object is not subscriptable
root - ERROR - 2023-02-17 18:32:14.155196 On https://www.rome2rio.com/map/Phnom Penh-Cambodia/Beirut-Lebanon exception occurred
Traceback (most recent call last):
  File "/home/andrii/code/projects/CheapTripScraping/src/scraping.py", line 48, in scrap_routine
    parsed = json.loads(dis["content"])[2][1]
TypeError: 'NoneType' object is not subscriptable
root - ERROR - 2023-02-17 18:32:14.423838 On https://www.rome2rio.com/map/Phnom Penh-Cambodia/Astana-Kazakhstan exception occurred
Traceback (most recent call last):
  File "/home/andrii/code/projects/CheapTripScraping/src/scraping.py", line 48, in scrap_routine
    parsed = json.loads(dis["content"])[2][1]
TypeError: 'NoneType' object is not subscriptable
root - ERROR - 2023-02-17 18:32:14.547797 On https://www.rome2rio.com/map/Phnom Penh-Cambodia/Kuwait City-Kuwait-abo exception occurred
Traceback (most recent call last):
  File "/home/andrii/code/projects/CheapTripScraping/src/scraping.py", line 48, in scrap_routine
    parsed = json.loads(dis["content"])[2][1]
TypeError: 'NoneType' object is not subscriptable

During handling of the above exception, another exception occurred:

Traceback (most recent call last):
  File "/home/andrii/code/projects/CheapTripScraping/src/scraping.py", line 48, in scrap_routine
    parsed = json.loads(dis["content"])[2][1]
TypeError: 'NoneType' object is not subscriptable
root - ERROR - 2023-02-17 18:32:14.953676 On https://www.rome2rio.com/map/Naypyidaw-Myanmar/Phnom Penh-Cambodia exception occurred
Traceback (most recent call last):
  File "/home/andrii/code/projects/CheapTripScraping/src/scraping.py", line 48, in scrap_routine
    parsed = json.loads(dis["content"])[2][1]
TypeError: 'NoneType' object is not subscriptable
root - ERROR - 2023-02-17 18:32:15.053484 On https://www.rome2rio.com/map/Naypyidaw-Myanmar/Tehran-Iran exception occurred
Traceback (most recent call last):
  File "/home/andrii/code/projects/CheapTripScraping/src/scraping.py", line 48, in scrap_routine
    parsed = json.loads(dis["content"])[2][1]
TypeError: 'NoneType' object is not subscriptable
root - ERROR - 2023-02-17 18:32:15.250592 On https://www.rome2rio.com/map/Naypyidaw-Myanmar/Tashkent-Uzbekistan exception occurred
Traceback (most recent call last):
  File "/home/andrii/code/projects/CheapTripScraping/src/scraping.py", line 48, in scrap_routine
    parsed = json.loads(dis["content"])[2][1]
TypeError: 'NoneType' object is not subscriptable
root - ERROR - 2023-02-17 18:32:15.746262 On https://www.rome2rio.com/map/Naypyidaw-Myanmar/Lhasa-China exception occurred
Traceback (most recent call last):
  File "/home/andrii/code/projects/CheapTripScraping/src/scraping.py", line 48, in scrap_routine
    parsed = json.loads(dis["content"])[2][1]
TypeError: 'NoneType' object is not subscriptable
root - ERROR - 2023-02-17 18:32:15.835105 On https://www.rome2rio.com/map/Naypyidaw-Myanmar/Male-Maldives exception occurred
Traceback (most recent call last):
  File "/home/andrii/code/projects/CheapTripScraping/src/scraping.py", line 48, in scrap_routine
    parsed = json.loads(dis["content"])[2][1]
TypeError: 'NoneType' object is not subscriptable
root - ERROR - 2023-02-17 18:32:15.977862 On https://www.rome2rio.com/map/Naypyidaw-Myanmar/Tehran-Iran-abt exception occurred
Traceback (most recent call last):
  File "/home/andrii/code/projects/CheapTripScraping/src/scraping.py", line 48, in scrap_routine
    parsed = json.loads(dis["content"])[2][1]
TypeError: 'NoneType' object is not subscriptable

During handling of the above exception, another exception occurred:

Traceback (most recent call last):
  File "/home/andrii/code/projects/CheapTripScraping/src/scraping.py", line 48, in scrap_routine
    parsed = json.loads(dis["content"])[2][1]
TypeError: 'NoneType' object is not subscriptable
root - ERROR - 2023-02-17 18:32:16.370818 On https://www.rome2rio.com/map/Naypyidaw-Myanmar/Bandar Seri Begawan-Brunei exception occurred
Traceback (most recent call last):
  File "/home/andrii/code/projects/CheapTripScraping/src/scraping.py", line 48, in scrap_routine
    parsed = json.loads(dis["content"])[2][1]
TypeError: 'NoneType' object is not subscriptable
root - ERROR - 2023-02-17 18:32:16.426731 On https://www.rome2rio.com/map/Naypyidaw-Myanmar/Male-Maldives-abw exception occurred
Traceback (most recent call last):
  File "/home/andrii/code/projects/CheapTripScraping/src/scraping.py", line 48, in scrap_routine
    parsed = json.loads(dis["content"])[2][1]
TypeError: 'NoneType' object is not subscriptable

During handling of the above exception, another exception occurred:

Traceback (most recent call last):
  File "/home/andrii/code/projects/CheapTripScraping/src/scraping.py", line 48, in scrap_routine
    parsed = json.loads(dis["content"])[2][1]
TypeError: 'NoneType' object is not subscriptable
root - ERROR - 2023-02-17 18:32:16.779084 On https://www.rome2rio.com/map/Naypyidaw-Myanmar/Tehran-Iran-abx exception occurred
Traceback (most recent call last):
  File "/home/andrii/code/projects/CheapTripScraping/src/scraping.py", line 48, in scrap_routine
    parsed = json.loads(dis["content"])[2][1]
TypeError: 'NoneType' object is not subscriptable

During handling of the above exception, another exception occurred:

Traceback (most recent call last):
  File "/home/andrii/code/projects/CheapTripScraping/src/scraping.py", line 48, in scrap_routine
    parsed = json.loads(dis["content"])[2][1]
TypeError: 'NoneType' object is not subscriptable

During handling of the above exception, another exception occurred:

Traceback (most recent call last):
  File "/home/andrii/code/projects/CheapTripScraping/src/scraping.py", line 48, in scrap_routine
    parsed = json.loads(dis["content"])[2][1]
TypeError: 'NoneType' object is not subscriptable
root - ERROR - 2023-02-17 18:32:17.171745 On https://www.rome2rio.com/map/Naypyidaw-Myanmar/Male-Maldives-abz exception occurred
Traceback (most recent call last):
  File "/home/andrii/code/projects/CheapTripScraping/src/scraping.py", line 48, in scrap_routine
    parsed = json.loads(dis["content"])[2][1]
TypeError: 'NoneType' object is not subscriptable

During handling of the above exception, another exception occurred:

Traceback (most recent call last):
  File "/home/andrii/code/projects/CheapTripScraping/src/scraping.py", line 48, in scrap_routine
    parsed = json.loads(dis["content"])[2][1]
TypeError: 'NoneType' object is not subscriptable

During handling of the above exception, another exception occurred:

Traceback (most recent call last):
  File "/home/andrii/code/projects/CheapTripScraping/src/scraping.py", line 48, in scrap_routine
    parsed = json.loads(dis["content"])[2][1]
TypeError: 'NoneType' object is not subscriptable
root - ERROR - 2023-02-17 18:32:17.214600 On https://www.rome2rio.com/map/Muscat-Oman/Phnom Penh-Cambodia exception occurred
Traceback (most recent call last):
  File "/home/andrii/code/projects/CheapTripScraping/src/scraping.py", line 48, in scrap_routine
    parsed = json.loads(dis["content"])[2][1]
TypeError: 'NoneType' object is not subscriptable
root - ERROR - 2023-02-17 18:32:18.097458 On https://www.rome2rio.com/map/Muscat-Oman/Dhaka-Bangladesh exception occurred
Traceback (most recent call last):
  File "/home/andrii/code/projects/CheapTripScraping/src/scraping.py", line 48, in scrap_routine
    parsed = json.loads(dis["content"])[2][1]
TypeError: 'NoneType' object is not subscriptable
root - ERROR - 2023-02-17 18:32:18.974332 On https://www.rome2rio.com/map/Manila-Philippines/Sanaa-Yemen exception occurred
Traceback (most recent call last):
  File "/home/andrii/code/projects/CheapTripScraping/src/scraping.py", line 48, in scrap_routine
    parsed = json.loads(dis["content"])[2][1]
TypeError: 'NoneType' object is not subscriptable
root - ERROR - 2023-02-17 18:32:19.380388 On https://www.rome2rio.com/map/Manila-Philippines/Lhasa-China exception occurred
Traceback (most recent call last):
  File "/home/andrii/code/projects/CheapTripScraping/src/scraping.py", line 48, in scrap_routine
    parsed = json.loads(dis["content"])[2][1]
TypeError: 'NoneType' object is not subscriptable
root - ERROR - 2023-02-17 18:32:20.118668 On https://www.rome2rio.com/map/Manila-Philippines/Beirut-Lebanon exception occurred
Traceback (most recent call last):
  File "/home/andrii/code/projects/CheapTripScraping/src/scraping.py", line 48, in scrap_routine
    parsed = json.loads(dis["content"])[2][1]
TypeError: 'NoneType' object is not subscriptable
root - ERROR - 2023-02-17 18:32:21.412951 On https://www.rome2rio.com/map/Male-Maldives/Kuwait City-Kuwait exception occurred
Traceback (most recent call last):
  File "/home/andrii/code/projects/CheapTripScraping/src/scraping.py", line 48, in scrap_routine
    parsed = json.loads(dis["content"])[2][1]
TypeError: 'NoneType' object is not subscriptable
root - ERROR - 2023-02-17 18:32:21.556324 On https://www.rome2rio.com/map/Male-Maldives/Doha-Qatar exception occurred
Traceback (most recent call last):
  File "/home/andrii/code/projects/CheapTripScraping/src/scraping.py", line 48, in scrap_routine
    parsed = json.loads(dis["content"])[2][1]
TypeError: 'NoneType' object is not subscriptable
root - ERROR - 2023-02-17 18:32:22.520544 On https://www.rome2rio.com/map/Lhasa-China/Tehran-Iran exception occurred
Traceback (most recent call last):
  File "/home/andrii/code/projects/CheapTripScraping/src/scraping.py", line 48, in scrap_routine
    parsed = json.loads(dis["content"])[2][1]
TypeError: 'NoneType' object is not subscriptable
root - ERROR - 2023-02-17 18:32:22.999856 On https://www.rome2rio.com/map/Lhasa-China/Kuwait City-Kuwait exception occurred
Traceback (most recent call last):
  File "/home/andrii/code/projects/CheapTripScraping/src/scraping.py", line 48, in scrap_routine
    parsed = json.loads(dis["content"])[2][1]
TypeError: 'NoneType' object is not subscriptable
root - ERROR - 2023-02-17 18:32:23.157274 On https://www.rome2rio.com/map/Lhasa-China/Tehran-Iran-abj exception occurred
Traceback (most recent call last):
  File "/home/andrii/code/projects/CheapTripScraping/src/scraping.py", line 48, in scrap_routine
    parsed = json.loads(dis["content"])[2][1]
TypeError: 'NoneType' object is not subscriptable

During handling of the above exception, another exception occurred:

Traceback (most recent call last):
  File "/home/andrii/code/projects/CheapTripScraping/src/scraping.py", line 48, in scrap_routine
    parsed = json.loads(dis["content"])[2][1]
TypeError: 'NoneType' object is not subscriptable
root - ERROR - 2023-02-17 18:32:25.053915 On https://www.rome2rio.com/map/Kuwait City-Kuwait/Astana-Kazakhstan exception occurred
Traceback (most recent call last):
  File "/home/andrii/code/projects/CheapTripScraping/src/scraping.py", line 48, in scrap_routine
    parsed = json.loads(dis["content"])[2][1]
TypeError: 'NoneType' object is not subscriptable
root - ERROR - 2023-02-17 18:32:27.490312 On https://www.rome2rio.com/map/Islamabad-Pakistan/Phnom Penh-Cambodia exception occurred
Traceback (most recent call last):
  File "/home/andrii/code/projects/CheapTripScraping/src/scraping.py", line 48, in scrap_routine
    parsed = json.loads(dis["content"])[2][1]
TypeError: 'NoneType' object is not subscriptable
root - ERROR - 2023-02-17 18:32:28.124342 On https://www.rome2rio.com/map/Islamabad-Pakistan/Astana-Kazakhstan exception occurred
Traceback (most recent call last):
  File "/home/andrii/code/projects/CheapTripScraping/src/scraping.py", line 48, in scrap_routine
    parsed = json.loads(dis["content"])[2][1]
TypeError: 'NoneType' object is not subscriptable
root - ERROR - 2023-02-17 18:32:28.382093 On https://www.rome2rio.com/map/Dushanbe-Tajikistan/Tehran-Iran exception occurred
Traceback (most recent call last):
  File "/home/andrii/code/projects/CheapTripScraping/src/scraping.py", line 48, in scrap_routine
    parsed = json.loads(dis["content"])[2][1]
TypeError: 'NoneType' object is not subscriptable
root - ERROR - 2023-02-17 18:32:28.538684 On https://www.rome2rio.com/map/Islamabad-Pakistan/Cluj-Napoca-Romania exception occurred
Traceback (most recent call last):
  File "/home/andrii/code/projects/CheapTripScraping/src/scraping.py", line 48, in scrap_routine
    parsed = json.loads(dis["content"])[2][1]
TypeError: 'NoneType' object is not subscriptable
root - ERROR - 2023-02-17 18:32:30.535450 On https://www.rome2rio.com/map/Doha-Qatar/Muscat-Oman exception occurred
Traceback (most recent call last):
  File "/home/andrii/code/projects/CheapTripScraping/src/scraping.py", line 48, in scrap_routine
    parsed = json.loads(dis["content"])[2][1]
TypeError: 'NoneType' object is not subscriptable
root - ERROR - 2023-02-17 18:32:32.140748 On https://www.rome2rio.com/map/Doha-Qatar/Paris-France exception occurred
Traceback (most recent call last):
  File "/home/andrii/code/projects/CheapTripScraping/src/scraping.py", line 48, in scrap_routine
    parsed = json.loads(dis["content"])[2][1]
TypeError: 'NoneType' object is not subscriptable
root - ERROR - 2023-02-17 18:32:33.297713 On https://www.rome2rio.com/map/Dhaka-Bangladesh/Islamabad-Pakistan exception occurred
Traceback (most recent call last):
  File "/home/andrii/code/projects/CheapTripScraping/src/scraping.py", line 48, in scrap_routine
    parsed = json.loads(dis["content"])[2][1]
TypeError: 'NoneType' object is not subscriptable
root - ERROR - 2023-02-17 18:32:35.063661 On https://www.rome2rio.com/map/Colombo-Sri Lanka/Ashgabat-Turkmenistan exception occurred
Traceback (most recent call last):
  File "/home/andrii/code/projects/CheapTripScraping/src/scraping.py", line 48, in scrap_routine
    parsed = json.loads(dis["content"])[2][1]
TypeError: 'NoneType' object is not subscriptable
root - ERROR - 2023-02-17 18:32:36.868586 On https://www.rome2rio.com/map/Beirut-Lebanon/Tehran-Iran exception occurred
Traceback (most recent call last):
  File "/home/andrii/code/projects/CheapTripScraping/src/scraping.py", line 48, in scrap_routine
    parsed = json.loads(dis["content"])[2][1]
TypeError: 'NoneType' object is not subscriptable
root - ERROR - 2023-02-17 18:32:36.991603 On https://www.rome2rio.com/map/Beirut-Lebanon/Sanaa-Yemen exception occurred
Traceback (most recent call last):
  File "/home/andrii/code/projects/CheapTripScraping/src/scraping.py", line 48, in scrap_routine
    parsed = json.loads(dis["content"])[2][1]
TypeError: 'NoneType' object is not subscriptable
root - ERROR - 2023-02-17 18:32:37.280380 On https://www.rome2rio.com/map/Beirut-Lebanon/Male-Maldives exception occurred
Traceback (most recent call last):
  File "/home/andrii/code/projects/CheapTripScraping/src/scraping.py", line 48, in scrap_routine
    parsed = json.loads(dis["content"])[2][1]
TypeError: 'NoneType' object is not subscriptable
root - ERROR - 2023-02-17 18:32:37.384973 On https://www.rome2rio.com/map/Beirut-Lebanon/Manila-Philippines exception occurred
Traceback (most recent call last):
  File "/home/andrii/code/projects/CheapTripScraping/src/scraping.py", line 48, in scrap_routine
    parsed = json.loads(dis["content"])[2][1]
TypeError: 'NoneType' object is not subscriptable
root - ERROR - 2023-02-17 18:32:37.988932 On https://www.rome2rio.com/map/Beirut-Lebanon/Male-Maldives-abx exception occurred
Traceback (most recent call last):
  File "/home/andrii/code/projects/CheapTripScraping/src/scraping.py", line 48, in scrap_routine
    parsed = json.loads(dis["content"])[2][1]
TypeError: 'NoneType' object is not subscriptable

During handling of the above exception, another exception occurred:

Traceback (most recent call last):
  File "/home/andrii/code/projects/CheapTripScraping/src/scraping.py", line 48, in scrap_routine
    parsed = json.loads(dis["content"])[2][1]
TypeError: 'NoneType' object is not subscriptable
root - ERROR - 2023-02-17 18:32:38.290104 On https://www.rome2rio.com/map/Beirut-Lebanon/Ashgabat-Turkmenistan exception occurred
Traceback (most recent call last):
  File "/home/andrii/code/projects/CheapTripScraping/src/scraping.py", line 48, in scrap_routine
    parsed = json.loads(dis["content"])[2][1]
TypeError: 'NoneType' object is not subscriptable
root - ERROR - 2023-02-17 18:32:38.872520 On https://www.rome2rio.com/map/Bandar Seri Begawan-Brunei/Phnom Penh-Cambodia exception occurred
Traceback (most recent call last):
  File "/home/andrii/code/projects/CheapTripScraping/src/scraping.py", line 48, in scrap_routine
    parsed = json.loads(dis["content"])[2][1]
TypeError: 'NoneType' object is not subscriptable
root - ERROR - 2023-02-17 18:32:38.910747 On https://www.rome2rio.com/map/Bandar Seri Begawan-Brunei/Muscat-Oman exception occurred
Traceback (most recent call last):
  File "/home/andrii/code/projects/CheapTripScraping/src/scraping.py", line 48, in scrap_routine
    parsed = json.loads(dis["content"])[2][1]
TypeError: 'NoneType' object is not subscriptable
root - ERROR - 2023-02-17 18:32:39.437002 On https://www.rome2rio.com/map/Bandar Seri Begawan-Brunei/Islamabad-Pakistan exception occurred
Traceback (most recent call last):
  File "/home/andrii/code/projects/CheapTripScraping/src/scraping.py", line 48, in scrap_routine
    parsed = json.loads(dis["content"])[2][1]
TypeError: 'NoneType' object is not subscriptable
root - ERROR - 2023-02-17 18:32:39.607654 On https://www.rome2rio.com/map/Bandar Seri Begawan-Brunei/Dushanbe-Tajikistan exception occurred
Traceback (most recent call last):
  File "/home/andrii/code/projects/CheapTripScraping/src/scraping.py", line 48, in scrap_routine
    parsed = json.loads(dis["content"])[2][1]
TypeError: 'NoneType' object is not subscriptable
root - ERROR - 2023-02-17 18:32:39.960206 On https://www.rome2rio.com/map/Bandar Seri Begawan-Brunei/Doha-Qatar exception occurred
Traceback (most recent call last):
  File "/home/andrii/code/projects/CheapTripScraping/src/scraping.py", line 48, in scrap_routine
    parsed = json.loads(dis["content"])[2][1]
TypeError: 'NoneType' object is not subscriptable
root - ERROR - 2023-02-17 18:32:40.260497 On https://www.rome2rio.com/map/Bandar Seri Begawan-Brunei/Baghdad-Iraq exception occurred
Traceback (most recent call last):
  File "/home/andrii/code/projects/CheapTripScraping/src/scraping.py", line 48, in scrap_routine
    parsed = json.loads(dis["content"])[2][1]
TypeError: 'NoneType' object is not subscriptable
root - ERROR - 2023-02-17 18:32:41.060374 On https://www.rome2rio.com/map/Baghdad-Iraq/Kuwait City-Kuwait exception occurred
Traceback (most recent call last):
  File "/home/andrii/code/projects/CheapTripScraping/src/scraping.py", line 48, in scrap_routine
    parsed = json.loads(dis["content"])[2][1]
TypeError: 'NoneType' object is not subscriptable
root - ERROR - 2023-02-17 18:32:41.768116 On https://www.rome2rio.com/map/Baghdad-Iraq/Dhaka-Bangladesh exception occurred
Traceback (most recent call last):
  File "/home/andrii/code/projects/CheapTripScraping/src/scraping.py", line 48, in scrap_routine
    parsed = json.loads(dis["content"])[2][1]
TypeError: 'NoneType' object is not subscriptable
root - ERROR - 2023-02-17 18:32:42.536152 On https://www.rome2rio.com/map/Astana-Kazakhstan/Muscat-Oman exception occurred
Traceback (most recent call last):
  File "/home/andrii/code/projects/CheapTripScraping/src/scraping.py", line 48, in scrap_routine
    parsed = json.loads(dis["content"])[2][1]
TypeError: 'NoneType' object is not subscriptable
root - ERROR - 2023-02-17 18:32:42.574778 On https://www.rome2rio.com/map/Baghdad-Iraq/Dhaka-Bangladesh-abi exception occurred
Traceback (most recent call last):
  File "/home/andrii/code/projects/CheapTripScraping/src/scraping.py", line 48, in scrap_routine
    parsed = json.loads(dis["content"])[2][1]
TypeError: 'NoneType' object is not subscriptable

During handling of the above exception, another exception occurred:

Traceback (most recent call last):
  File "/home/andrii/code/projects/CheapTripScraping/src/scraping.py", line 48, in scrap_routine
    parsed = json.loads(dis["content"])[2][1]
TypeError: 'NoneType' object is not subscriptable
root - ERROR - 2023-02-17 18:32:43.896599 On https://www.rome2rio.com/map/Ashgabat-Turkmenistan/Tashkent-Uzbekistan exception occurred
Traceback (most recent call last):
  File "/home/andrii/code/projects/CheapTripScraping/src/scraping.py", line 48, in scrap_routine
    parsed = json.loads(dis["content"])[2][1]
TypeError: 'NoneType' object is not subscriptable
root - ERROR - 2023-02-17 18:32:44.358600 On https://www.rome2rio.com/map/Astana-Kazakhstan/Cluj-Napoca-Romania exception occurred
Traceback (most recent call last):
  File "/home/andrii/code/projects/CheapTripScraping/src/scraping.py", line 48, in scrap_routine
    parsed = json.loads(dis["content"])[2][1]
TypeError: 'NoneType' object is not subscriptable
root - ERROR - 2023-02-17 18:32:44.618270 On https://www.rome2rio.com/map/Ashgabat-Turkmenistan/Naypyidaw-Myanmar exception occurred
Traceback (most recent call last):
  File "/home/andrii/code/projects/CheapTripScraping/src/scraping.py", line 48, in scrap_routine
    parsed = json.loads(dis["content"])[2][1]
TypeError: 'NoneType' object is not subscriptable
root - ERROR - 2023-02-17 18:32:46.373939 On https://www.rome2rio.com/map/Cluj-Napoca-Romania/Kuwait City-Kuwait exception occurred
Traceback (most recent call last):
  File "/home/andrii/code/projects/CheapTripScraping/src/scraping.py", line 48, in scrap_routine
    parsed = json.loads(dis["content"])[2][1]
TypeError: 'NoneType' object is not subscriptable
root - ERROR - 2023-02-17 18:32:46.845264 On https://www.rome2rio.com/map/Cluj-Napoca-Romania/Lhasa-China exception occurred
Traceback (most recent call last):
  File "/home/andrii/code/projects/CheapTripScraping/src/scraping.py", line 48, in scrap_routine
    parsed = json.loads(dis["content"])[2][1]
TypeError: 'NoneType' object is not subscriptable
root - ERROR - 2023-02-17 18:32:46.906923 On https://www.rome2rio.com/map/Cluj-Napoca-Romania/Islamabad-Pakistan exception occurred
Traceback (most recent call last):
  File "/home/andrii/code/projects/CheapTripScraping/src/scraping.py", line 48, in scrap_routine
    parsed = json.loads(dis["content"])[2][1]
TypeError: 'NoneType' object is not subscriptable
root - ERROR - 2023-02-17 18:32:48.561038 On https://www.rome2rio.com/map/Paris-France/Naypyidaw-Myanmar exception occurred
Traceback (most recent call last):
  File "/home/andrii/code/projects/CheapTripScraping/src/scraping.py", line 48, in scrap_routine
    parsed = json.loads(dis["content"])[2][1]
TypeError: 'NoneType' object is not subscriptable
root - ERROR - 2023-02-17 18:32:50.783460 On https://www.rome2rio.com/map/Paris-France/Baghdad-Iraq exception occurred
Traceback (most recent call last):
  File "/home/andrii/code/projects/CheapTripScraping/src/scraping.py", line 48, in scrap_routine
    parsed = json.loads(dis["content"])[2][1]
TypeError: 'NoneType' object is not subscriptable
root - ERROR - 2023-02-17 18:32:50.803516 On https://www.rome2rio.com/map/London-United Kingdom/Tehran-Iran exception occurred
Traceback (most recent call last):
  File "/home/andrii/code/projects/CheapTripScraping/src/scraping.py", line 48, in scrap_routine
    parsed = json.loads(dis["content"])[2][1]
TypeError: 'NoneType' object is not subscriptable
root - ERROR - 2023-02-17 18:32:52.262246 On https://www.rome2rio.com/map/Paris-France/Baghdad-Iraq-abs exception occurred
Traceback (most recent call last):
  File "/home/andrii/code/projects/CheapTripScraping/src/scraping.py", line 48, in scrap_routine
    parsed = json.loads(dis["content"])[2][1]
TypeError: 'NoneType' object is not subscriptable

During handling of the above exception, another exception occurred:

Traceback (most recent call last):
  File "/home/andrii/code/projects/CheapTripScraping/src/scraping.py", line 48, in scrap_routine
    parsed = json.loads(dis["content"])[2][1]
TypeError: 'NoneType' object is not subscriptable
root - ERROR - 2023-02-17 18:32:52.822999 On https://www.rome2rio.com/map/London-United Kingdom/Bandar Seri Begawan-Brunei exception occurred
Traceback (most recent call last):
  File "/home/andrii/code/projects/CheapTripScraping/src/scraping.py", line 48, in scrap_routine
    parsed = json.loads(dis["content"])[2][1]
TypeError: 'NoneType' object is not subscriptable
root - ERROR - 2023-02-17 18:32:55.866477 On https://www.rome2rio.com/map/Berlin-Germany/Doha-Qatar exception occurred
Traceback (most recent call last):
  File "/home/andrii/code/projects/CheapTripScraping/src/scraping.py", line 48, in scrap_routine
    parsed = json.loads(dis["content"])[2][1]
TypeError: 'NoneType' object is not subscriptable
root - ERROR - 2023-02-17 18:32:56.285094 On https://www.rome2rio.com/map/Berlin-Germany/Ashgabat-Turkmenistan exception occurred
Traceback (most recent call last):
  File "/home/andrii/code/projects/CheapTripScraping/src/scraping.py", line 48, in scrap_routine
    parsed = json.loads(dis["content"])[2][1]
TypeError: 'NoneType' object is not subscriptable
root - ERROR - 2023-02-17 18:32:56.680108 On https://www.rome2rio.com/map/Berlin-Germany/Bandar Seri Begawan-Brunei exception occurred
Traceback (most recent call last):
  File "/home/andrii/code/projects/CheapTripScraping/src/scraping.py", line 48, in scrap_routine
    parsed = json.loads(dis["content"])[2][1]
TypeError: 'NoneType' object is not subscriptable
root - ERROR - 2023-02-17 18:32:56.885494 On https://www.rome2rio.com/map/Berlin-Germany/Doha-Qatar-abw exception occurred
Traceback (most recent call last):
  File "/home/andrii/code/projects/CheapTripScraping/src/scraping.py", line 48, in scrap_routine
    parsed = json.loads(dis["content"])[2][1]
TypeError: 'NoneType' object is not subscriptable

During handling of the above exception, another exception occurred:

Traceback (most recent call last):
  File "/home/andrii/code/projects/CheapTripScraping/src/scraping.py", line 48, in scrap_routine
    parsed = json.loads(dis["content"])[2][1]
TypeError: 'NoneType' object is not subscriptable
urllib3.connectionpool - WARNING - Connection pool is full, discarding connection: www.rome2rio.com. Connection pool size: 10
urllib3.connectionpool - WARNING - Connection pool is full, discarding connection: www.rome2rio.com. Connection pool size: 10
root - ERROR - 2023-02-17 18:32:57.799899 On https://www.rome2rio.com/map/Berlin-Germany/London-United Kingdom exception occurred
Traceback (most recent call last):
  File "/home/andrii/code/projects/CheapTripScraping/src/scraping.py", line 48, in scrap_routine
    parsed = json.loads(dis["content"])[2][1]
TypeError: 'NoneType' object is not subscriptable
